<?xml version="1.0" encoding="UTF-8"?>
<!-- Generated by org.testng.reporters.JUnitXMLReporter -->
<testsuite ignored="0" hostname="kaku0916" failures="0" tests="3" name="Default test" time="0.058" errors="0" timestamp="2024-04-06T22:57:39 IST">
  <testcase classname="testngseession.GoogleTest" name="headerTest" time="0.004"/>
  <testcase classname="testngseession.GoogleTest" name="titleTest" time="0.002"/>
  <testcase classname="testngseession.GoogleTest" name="urlTest" time="0.001"/>
</testsuite> <!-- Default test -->
