<?xml version="1.0" encoding="UTF-8"?>
<testng-results ignored="0" total="3" passed="3" failed="0" skipped="0">
  <reporter-output>
  </reporter-output>
  <suite started-at="2024-04-06T22:57:39 IST" name="Default suite" finished-at="2024-04-06T22:57:39 IST" duration-ms="58">
    <groups>
    </groups>
    <test started-at="2024-04-06T22:57:39 IST" name="Default test" finished-at="2024-04-06T22:57:39 IST" duration-ms="58">
      <class name="testngseession.GoogleTest">
        <test-method is-config="true" signature="launcBrowser()[pri:0, instance:testngseession.GoogleTest@7ce69770]" started-at="2024-04-06T22:57:39 IST" name="launcBrowser" finished-at="2024-04-06T22:57:39 IST" duration-ms="13" status="PASS">
          <reporter-output>
          </reporter-output>
        </test-method> <!-- launcBrowser -->
        <test-method is-config="true" signature="launcBrowser1()[pri:0, instance:testngseession.GoogleTest@7ce69770]" started-at="2024-04-06T22:57:39 IST" name="launcBrowser1" finished-at="2024-04-06T22:57:39 IST" duration-ms="0" status="PASS">
          <reporter-output>
          </reporter-output>
        </test-method> <!-- launcBrowser1 -->
        <test-method signature="headerTest()[pri:0, instance:testngseession.GoogleTest@7ce69770]" started-at="2024-04-06T22:57:39 IST" name="headerTest" finished-at="2024-04-06T22:57:39 IST" duration-ms="4" status="PASS">
          <reporter-output>
          </reporter-output>
        </test-method> <!-- headerTest -->
        <test-method signature="titleTest()[pri:0, instance:testngseession.GoogleTest@7ce69770]" started-at="2024-04-06T22:57:39 IST" name="titleTest" finished-at="2024-04-06T22:57:39 IST" duration-ms="2" status="PASS">
          <reporter-output>
          </reporter-output>
        </test-method> <!-- titleTest -->
        <test-method signature="urlTest()[pri:0, instance:testngseession.GoogleTest@7ce69770]" started-at="2024-04-06T22:57:39 IST" name="urlTest" finished-at="2024-04-06T22:57:39 IST" duration-ms="1" status="PASS">
          <reporter-output>
          </reporter-output>
        </test-method> <!-- urlTest -->
        <test-method is-config="true" signature="closeBrowser()[pri:0, instance:testngseession.GoogleTest@7ce69770]" started-at="2024-04-06T22:57:39 IST" name="closeBrowser" finished-at="2024-04-06T22:57:39 IST" duration-ms="1" status="PASS">
          <reporter-output>
          </reporter-output>
        </test-method> <!-- closeBrowser -->
      </class> <!-- testngseession.GoogleTest -->
    </test> <!-- Default test -->
  </suite> <!-- Default suite -->
</testng-results>
